<?xml version="1.0" encoding="UTF-8"?>
<testsuite xmlns:xsi="http://www.w3.org/2001/XMLSchema-instance" xsi:noNamespaceSchemaLocation="https://maven.apache.org/surefire/maven-surefire-plugin/xsd/surefire-test-report-3.0.xsd" version="3.0" name="TestSuite" time="18.316" tests="1" errors="0" skipped="0" failures="0">
  <properties>
    <property name="java.specification.version" value="17"/>
    <property name="webdriver.chromedriver.exe" value="./Drivers\chromedriver.exe"/>
    <property name="sun.cpu.isalist" value="amd64"/>
    <property name="sun.jnu.encoding" value="Cp1252"/>
    <property name="java.class.path" value="C:\Users\manjula\selenium\MyStoreProject\target\test-classes;C:\Users\manjula\selenium\MyStoreProject\target\classes;C:\Users\manjula\.m2\repository\org\apache\maven\plugins\maven-compiler-plugin\3.11.0\maven-compiler-plugin-3.11.0.jar;C:\Users\manjula\.m2\repository\org\apache\maven\shared\maven-shared-utils\3.3.4\maven-shared-utils-3.3.4.jar;C:\Users\manjula\.m2\repository\org\apache\maven\shared\maven-shared-incremental\1.1\maven-shared-incremental-1.1.jar;C:\Users\manjula\.m2\repository\org\codehaus\plexus\plexus-component-annotations\1.5.5\plexus-component-annotations-1.5.5.jar;C:\Users\manjula\.m2\repository\org\codehaus\plexus\plexus-java\1.1.2\plexus-java-1.1.2.jar;C:\Users\manjula\.m2\repository\org\ow2\asm\asm\9.4\asm-9.4.jar;C:\Users\manjula\.m2\repository\com\thoughtworks\qdox\qdox\2.0.3\qdox-2.0.3.jar;C:\Users\manjula\.m2\repository\org\codehaus\plexus\plexus-compiler-api\2.13.0\plexus-compiler-api-2.13.0.jar;C:\Users\manjula\.m2\repository\org\codehaus\plexus\plexus-compiler-manager\2.13.0\plexus-compiler-manager-2.13.0.jar;C:\Users\manjula\.m2\repository\org\codehaus\plexus\plexus-compiler-javac\2.13.0\plexus-compiler-javac-2.13.0.jar;C:\Users\manjula\.m2\repository\junit\junit\4.12\junit-4.12.jar;C:\Users\manjula\.m2\repository\org\hamcrest\hamcrest-core\1.3\hamcrest-core-1.3.jar;C:\Users\manjula\.m2\repository\org\apache\poi\poi\5.2.3\poi-5.2.3.jar;C:\Users\manjula\.m2\repository\commons-codec\commons-codec\1.15\commons-codec-1.15.jar;C:\Users\manjula\.m2\repository\org\apache\commons\commons-collections4\4.4\commons-collections4-4.4.jar;C:\Users\manjula\.m2\repository\org\apache\commons\commons-math3\3.6.1\commons-math3-3.6.1.jar;C:\Users\manjula\.m2\repository\commons-io\commons-io\2.11.0\commons-io-2.11.0.jar;C:\Users\manjula\.m2\repository\com\zaxxer\SparseBitSet\1.2\SparseBitSet-1.2.jar;C:\Users\manjula\.m2\repository\org\apache\logging\log4j\log4j-api\2.18.0\log4j-api-2.18.0.jar;C:\Users\manjula\.m2\repository\org\apache\poi\poi-ooxml\5.2.3\poi-ooxml-5.2.3.jar;C:\Users\manjula\.m2\repository\org\apache\poi\poi-ooxml-lite\5.2.3\poi-ooxml-lite-5.2.3.jar;C:\Users\manjula\.m2\repository\org\apache\xmlbeans\xmlbeans\5.1.1\xmlbeans-5.1.1.jar;C:\Users\manjula\.m2\repository\org\apache\commons\commons-compress\1.21\commons-compress-1.21.jar;C:\Users\manjula\.m2\repository\com\github\virtuald\curvesapi\1.07\curvesapi-1.07.jar;C:\Users\manjula\.m2\repository\org\seleniumhq\selenium\selenium-java\4.8.1\selenium-java-4.8.1.jar;C:\Users\manjula\.m2\repository\org\seleniumhq\selenium\selenium-api\4.8.1\selenium-api-4.8.1.jar;C:\Users\manjula\.m2\repository\org\seleniumhq\selenium\selenium-chrome-driver\4.8.1\selenium-chrome-driver-4.8.1.jar;C:\Users\manjula\.m2\repository\com\google\auto\service\auto-service-annotations\1.0.1\auto-service-annotations-1.0.1.jar;C:\Users\manjula\.m2\repository\com\google\auto\service\auto-service\1.0.1\auto-service-1.0.1.jar;C:\Users\manjula\.m2\repository\com\google\auto\auto-common\1.2\auto-common-1.2.jar;C:\Users\manjula\.m2\repository\com\google\guava\guava\31.1-jre\guava-31.1-jre.jar;C:\Users\manjula\.m2\repository\com\google\guava\failureaccess\1.0.1\failureaccess-1.0.1.jar;C:\Users\manjula\.m2\repository\com\google\guava\listenablefuture\9999.0-empty-to-avoid-conflict-with-guava\listenablefuture-9999.0-empty-to-avoid-conflict-with-guava.jar;C:\Users\manjula\.m2\repository\org\checkerframework\checker-qual\3.12.0\checker-qual-3.12.0.jar;C:\Users\manjula\.m2\repository\com\google\errorprone\error_prone_annotations\2.11.0\error_prone_annotations-2.11.0.jar;C:\Users\manjula\.m2\repository\com\google\j2objc\j2objc-annotations\1.3\j2objc-annotations-1.3.jar;C:\Users\manjula\.m2\repository\org\seleniumhq\selenium\selenium-chromium-driver\4.8.1\selenium-chromium-driver-4.8.1.jar;C:\Users\manjula\.m2\repository\org\seleniumhq\selenium\selenium-json\4.8.1\selenium-json-4.8.1.jar;C:\Users\manjula\.m2\repository\org\seleniumhq\selenium\selenium-devtools-v108\4.8.1\selenium-devtools-v108-4.8.1.jar;C:\Users\manjula\.m2\repository\org\seleniumhq\selenium\selenium-devtools-v109\4.8.1\selenium-devtools-v109-4.8.1.jar;C:\Users\manjula\.m2\repository\org\seleniumhq\selenium\selenium-devtools-v110\4.8.1\selenium-devtools-v110-4.8.1.jar;C:\Users\manjula\.m2\repository\org\seleniumhq\selenium\selenium-devtools-v85\4.8.1\selenium-devtools-v85-4.8.1.jar;C:\Users\manjula\.m2\repository\org\seleniumhq\selenium\selenium-edge-driver\4.8.1\selenium-edge-driver-4.8.1.jar;C:\Users\manjula\.m2\repository\org\seleniumhq\selenium\selenium-firefox-driver\4.8.1\selenium-firefox-driver-4.8.1.jar;C:\Users\manjula\.m2\repository\org\seleniumhq\selenium\selenium-http\4.8.1\selenium-http-4.8.1.jar;C:\Users\manjula\.m2\repository\dev\failsafe\failsafe\3.3.0\failsafe-3.3.0.jar;C:\Users\manjula\.m2\repository\org\seleniumhq\selenium\selenium-ie-driver\4.8.1\selenium-ie-driver-4.8.1.jar;C:\Users\manjula\.m2\repository\org\seleniumhq\selenium\selenium-remote-driver\4.8.1\selenium-remote-driver-4.8.1.jar;C:\Users\manjula\.m2\repository\io\netty\netty-buffer\4.1.87.Final\netty-buffer-4.1.87.Final.jar;C:\Users\manjula\.m2\repository\io\netty\netty-codec-http\4.1.87.Final\netty-codec-http-4.1.87.Final.jar;C:\Users\manjula\.m2\repository\io\netty\netty-codec\4.1.87.Final\netty-codec-4.1.87.Final.jar;C:\Users\manjula\.m2\repository\io\netty\netty-handler\4.1.87.Final\netty-handler-4.1.87.Final.jar;C:\Users\manjula\.m2\repository\io\netty\netty-common\4.1.87.Final\netty-common-4.1.87.Final.jar;C:\Users\manjula\.m2\repository\io\netty\netty-transport-classes-epoll\4.1.87.Final\netty-transport-classes-epoll-4.1.87.Final.jar;C:\Users\manjula\.m2\repository\io\netty\netty-transport-classes-kqueue\4.1.87.Final\netty-transport-classes-kqueue-4.1.87.Final.jar;C:\Users\manjula\.m2\repository\io\netty\netty-transport-native-epoll\4.1.87.Final\netty-transport-native-epoll-4.1.87.Final.jar;C:\Users\manjula\.m2\repository\io\netty\netty-transport-native-kqueue\4.1.87.Final\netty-transport-native-kqueue-4.1.87.Final.jar;C:\Users\manjula\.m2\repository\io\netty\netty-transport-native-unix-common\4.1.87.Final\netty-transport-native-unix-common-4.1.87.Final.jar;C:\Users\manjula\.m2\repository\io\netty\netty-transport\4.1.87.Final\netty-transport-4.1.87.Final.jar;C:\Users\manjula\.m2\repository\io\netty\netty-resolver\4.1.87.Final\netty-resolver-4.1.87.Final.jar;C:\Users\manjula\.m2\repository\io\opentelemetry\opentelemetry-api\1.22.0\opentelemetry-api-1.22.0.jar;C:\Users\manjula\.m2\repository\io\opentelemetry\opentelemetry-context\1.22.0\opentelemetry-context-1.22.0.jar;C:\Users\manjula\.m2\repository\io\opentelemetry\opentelemetry-exporter-logging\1.22.0\opentelemetry-exporter-logging-1.22.0.jar;C:\Users\manjula\.m2\repository\io\opentelemetry\opentelemetry-sdk-metrics\1.22.0\opentelemetry-sdk-metrics-1.22.0.jar;C:\Users\manjula\.m2\repository\io\opentelemetry\opentelemetry-sdk-logs\1.22.0-alpha\opentelemetry-sdk-logs-1.22.0-alpha.jar;C:\Users\manjula\.m2\repository\io\opentelemetry\opentelemetry-api-logs\1.22.0-alpha\opentelemetry-api-logs-1.22.0-alpha.jar;C:\Users\manjula\.m2\repository\io\opentelemetry\opentelemetry-sdk-common\1.22.0\opentelemetry-sdk-common-1.22.0.jar;C:\Users\manjula\.m2\repository\io\opentelemetry\opentelemetry-sdk-extension-autoconfigure-spi\1.22.0\opentelemetry-sdk-extension-autoconfigure-spi-1.22.0.jar;C:\Users\manjula\.m2\repository\io\opentelemetry\opentelemetry-sdk-extension-autoconfigure\1.22.0-alpha\opentelemetry-sdk-extension-autoconfigure-1.22.0-alpha.jar;C:\Users\manjula\.m2\repository\io\opentelemetry\opentelemetry-sdk-trace\1.22.0\opentelemetry-sdk-trace-1.22.0.jar;C:\Users\manjula\.m2\repository\io\opentelemetry\opentelemetry-sdk\1.22.0\opentelemetry-sdk-1.22.0.jar;C:\Users\manjula\.m2\repository\io\opentelemetry\opentelemetry-semconv\1.22.0-alpha\opentelemetry-semconv-1.22.0-alpha.jar;C:\Users\manjula\.m2\repository\io\ous\jtoml\2.0.0\jtoml-2.0.0.jar;C:\Users\manjula\.m2\repository\net\bytebuddy\byte-buddy\1.12.22\byte-buddy-1.12.22.jar;C:\Users\manjula\.m2\repository\org\apache\commons\commons-exec\1.3\commons-exec-1.3.jar;C:\Users\manjula\.m2\repository\org\asynchttpclient\async-http-client\2.12.3\async-http-client-2.12.3.jar;C:\Users\manjula\.m2\repository\org\asynchttpclient\async-http-client-netty-utils\2.12.3\async-http-client-netty-utils-2.12.3.jar;C:\Users\manjula\.m2\repository\io\netty\netty-codec-socks\4.1.60.Final\netty-codec-socks-4.1.60.Final.jar;C:\Users\manjula\.m2\repository\io\netty\netty-handler-proxy\4.1.60.Final\netty-handler-proxy-4.1.60.Final.jar;C:\Users\manjula\.m2\repository\io\netty\netty-transport-native-epoll\4.1.60.Final\netty-transport-native-epoll-4.1.60.Final-linux-x86_64.jar;C:\Users\manjula\.m2\repository\io\netty\netty-transport-native-kqueue\4.1.60.Final\netty-transport-native-kqueue-4.1.60.Final-osx-x86_64.jar;C:\Users\manjula\.m2\repository\org\reactivestreams\reactive-streams\1.0.3\reactive-streams-1.0.3.jar;C:\Users\manjula\.m2\repository\com\typesafe\netty\netty-reactive-streams\2.0.4\netty-reactive-streams-2.0.4.jar;C:\Users\manjula\.m2\repository\com\sun\activation\jakarta.activation\1.2.2\jakarta.activation-1.2.2.jar;C:\Users\manjula\.m2\repository\org\seleniumhq\selenium\selenium-manager\4.8.1\selenium-manager-4.8.1.jar;C:\Users\manjula\.m2\repository\org\seleniumhq\selenium\selenium-safari-driver\4.8.1\selenium-safari-driver-4.8.1.jar;C:\Users\manjula\.m2\repository\org\seleniumhq\selenium\selenium-support\4.8.1\selenium-support-4.8.1.jar;C:\Users\manjula\.m2\repository\org\testng\testng\7.5\testng-7.5.jar;C:\Users\manjula\.m2\repository\com\google\code\findbugs\jsr305\3.0.1\jsr305-3.0.1.jar;C:\Users\manjula\.m2\repository\com\beust\jcommander\1.78\jcommander-1.78.jar;C:\Users\manjula\.m2\repository\org\webjars\jquery\3.5.1\jquery-3.5.1.jar;C:\Users\manjula\.m2\repository\mysql\mysql-connector-java\8.0.29\mysql-connector-java-8.0.29.jar;C:\Users\manjula\.m2\repository\com\google\protobuf\protobuf-java\3.19.4\protobuf-java-3.19.4.jar;C:\Users\manjula\.m2\repository\io\github\bonigarcia\webdrivermanager\5.2.3\webdrivermanager-5.2.3.jar;C:\Users\manjula\.m2\repository\com\google\code\gson\gson\2.9.1\gson-2.9.1.jar;C:\Users\manjula\.m2\repository\com\github\docker-java\docker-java\3.2.13\docker-java-3.2.13.jar;C:\Users\manjula\.m2\repository\com\github\docker-java\docker-java-core\3.2.13\docker-java-core-3.2.13.jar;C:\Users\manjula\.m2\repository\com\github\docker-java\docker-java-api\3.2.13\docker-java-api-3.2.13.jar;C:\Users\manjula\.m2\repository\com\fasterxml\jackson\core\jackson-annotations\2.10.3\jackson-annotations-2.10.3.jar;C:\Users\manjula\.m2\repository\com\fasterxml\jackson\core\jackson-databind\2.10.3\jackson-databind-2.10.3.jar;C:\Users\manjula\.m2\repository\com\fasterxml\jackson\core\jackson-core\2.10.3\jackson-core-2.10.3.jar;C:\Users\manjula\.m2\repository\org\bouncycastle\bcpkix-jdk15on\1.64\bcpkix-jdk15on-1.64.jar;C:\Users\manjula\.m2\repository\org\bouncycastle\bcprov-jdk15on\1.64\bcprov-jdk15on-1.64.jar;C:\Users\manjula\.m2\repository\org\slf4j\jcl-over-slf4j\1.7.30\jcl-over-slf4j-1.7.30.jar;C:\Users\manjula\.m2\repository\com\github\docker-java\docker-java-transport-httpclient5\3.2.13\docker-java-transport-httpclient5-3.2.13.jar;C:\Users\manjula\.m2\repository\com\github\docker-java\docker-java-transport\3.2.13\docker-java-transport-3.2.13.jar;C:\Users\manjula\.m2\repository\net\java\dev\jna\jna\5.8.0\jna-5.8.0.jar;C:\Users\manjula\.m2\repository\org\brotli\dec\0.1.2\dec-0.1.2.jar;C:\Users\manjula\.m2\repository\org\apache\commons\commons-lang3\3.12.0\commons-lang3-3.12.0.jar;C:\Users\manjula\.m2\repository\org\apache\httpcomponents\client5\httpclient5\5.1.3\httpclient5-5.1.3.jar;C:\Users\manjula\.m2\repository\org\apache\httpcomponents\core5\httpcore5\5.1.3\httpcore5-5.1.3.jar;C:\Users\manjula\.m2\repository\org\apache\httpcomponents\core5\httpcore5-h2\5.1.3\httpcore5-h2-5.1.3.jar;C:\Users\manjula\.m2\repository\org\slf4j\slf4j-api\1.7.5\slf4j-api-1.7.5.jar;C:\Users\manjula\.m2\repository\com\aventstack\extentreports\3.1.5\extentreports-3.1.5.jar;C:\Users\manjula\.m2\repository\org\freemarker\freemarker\2.3.23\freemarker-2.3.23.jar;C:\Users\manjula\.m2\repository\org\mongodb\mongodb-driver\3.3.0\mongodb-driver-3.3.0.jar;C:\Users\manjula\.m2\repository\org\mongodb\bson\3.3.0\bson-3.3.0.jar;C:\Users\manjula\.m2\repository\org\mongodb\mongodb-driver-core\3.3.0\mongodb-driver-core-3.3.0.jar;C:\Users\manjula\.m2\repository\org\apache\httpcomponents\httpclient\4.5.2\httpclient-4.5.2.jar;C:\Users\manjula\.m2\repository\org\apache\httpcomponents\httpcore\4.4.4\httpcore-4.4.4.jar;C:\Users\manjula\.m2\repository\commons-logging\commons-logging\1.2\commons-logging-1.2.jar;C:\Users\manjula\.m2\repository\org\apache\httpcomponents\httpmime\4.5.2\httpmime-4.5.2.jar;C:\Users\manjula\.m2\repository\org\jsoup\jsoup\1.9.2\jsoup-1.9.2.jar;C:\Users\manjula\.m2\repository\com\relevantcodes\extentreports\2.41.2\extentreports-2.41.2.jar;C:\Users\manjula\.m2\repository\org\xerial\sqlite-jdbc\3.8.11.1\sqlite-jdbc-3.8.11.1.jar;C:\Users\manjula\.m2\repository\org\apache\maven\plugins\maven-dependency-plugin\3.4.0\maven-dependency-plugin-3.4.0.jar;C:\Users\manjula\.m2\repository\org\apache\maven\reporting\maven-reporting-impl\3.2.0\maven-reporting-impl-3.2.0.jar;C:\Users\manjula\.m2\repository\org\apache\maven\reporting\maven-reporting-api\3.1.1\maven-reporting-api-3.1.1.jar;C:\Users\manjula\.m2\repository\org\apache\maven\maven-core\3.1.0\maven-core-3.1.0.jar;C:\Users\manjula\.m2\repository\org\apache\maven\maven-model\3.1.0\maven-model-3.1.0.jar;C:\Users\manjula\.m2\repository\org\apache\maven\maven-settings\3.1.0\maven-settings-3.1.0.jar;C:\Users\manjula\.m2\repository\org\apache\maven\maven-settings-builder\3.1.0\maven-settings-builder-3.1.0.jar;C:\Users\manjula\.m2\repository\org\apache\maven\maven-repository-metadata\3.1.0\maven-repository-metadata-3.1.0.jar;C:\Users\manjula\.m2\repository\org\apache\maven\maven-model-builder\3.1.0\maven-model-builder-3.1.0.jar;C:\Users\manjula\.m2\repository\org\apache\maven\maven-aether-provider\3.1.0\maven-aether-provider-3.1.0.jar;C:\Users\manjula\.m2\repository\org\eclipse\aether\aether-spi\0.9.0.M2\aether-spi-0.9.0.M2.jar;C:\Users\manjula\.m2\repository\org\eclipse\aether\aether-impl\0.9.0.M2\aether-impl-0.9.0.M2.jar;C:\Users\manjula\.m2\repository\org\eclipse\aether\aether-api\0.9.0.M2\aether-api-0.9.0.M2.jar;C:\Users\manjula\.m2\repository\org\eclipse\sisu\org.eclipse.sisu.plexus\0.0.0.M2a\org.eclipse.sisu.plexus-0.0.0.M2a.jar;C:\Users\manjula\.m2\repository\javax\enterprise\cdi-api\1.0\cdi-api-1.0.jar;C:\Users\manjula\.m2\repository\javax\annotation\jsr250-api\1.0\jsr250-api-1.0.jar;C:\Users\manjula\.m2\repository\org\sonatype\sisu\sisu-guice\3.1.0\sisu-guice-3.1.0-no_aop.jar;C:\Users\manjula\.m2\repository\aopalliance\aopalliance\1.0\aopalliance-1.0.jar;C:\Users\manjula\.m2\repository\org\eclipse\sisu\org.eclipse.sisu.inject\0.0.0.M2a\org.eclipse.sisu.inject-0.0.0.M2a.jar;C:\Users\manjula\.m2\repository\asm\asm\3.3.1\asm-3.3.1.jar;C:\Users\manjula\.m2\repository\org\codehaus\plexus\plexus-interpolation\1.16\plexus-interpolation-1.16.jar;C:\Users\manjula\.m2\repository\org\codehaus\plexus\plexus-classworlds\2.4.2\plexus-classworlds-2.4.2.jar;C:\Users\manjula\.m2\repository\org\sonatype\plexus\plexus-sec-dispatcher\1.3\plexus-sec-dispatcher-1.3.jar;C:\Users\manjula\.m2\repository\org\sonatype\plexus\plexus-cipher\1.4\plexus-cipher-1.4.jar;C:\Users\manjula\.m2\repository\org\apache\maven\maven-artifact\3.1.0\maven-artifact-3.1.0.jar;C:\Users\manjula\.m2\repository\org\apache\maven\maven-plugin-api\3.1.0\maven-plugin-api-3.1.0.jar;C:\Users\manjula\.m2\repository\org\apache\maven\doxia\doxia-sink-api\1.11.1\doxia-sink-api-1.11.1.jar;C:\Users\manjula\.m2\repository\org\apache\maven\doxia\doxia-logging-api\1.11.1\doxia-logging-api-1.11.1.jar;C:\Users\manjula\.m2\repository\org\apache\maven\doxia\doxia-decoration-model\1.11.1\doxia-decoration-model-1.11.1.jar;C:\Users\manjula\.m2\repository\org\apache\maven\doxia\doxia-core\1.11.1\doxia-core-1.11.1.jar;C:\Users\manjula\.m2\repository\org\codehaus\plexus\plexus-container-default\2.1.0\plexus-container-default-2.1.0.jar;C:\Users\manjula\.m2\repository\org\apache\xbean\xbean-reflect\3.7\xbean-reflect-3.7.jar;C:\Users\manjula\.m2\repository\com\google\collections\google-collections\1.0\google-collections-1.0.jar;C:\Users\manjula\.m2\repository\org\apache\commons\commons-text\1.3\commons-text-1.3.jar;C:\Users\manjula\.m2\repository\org\apache\maven\doxia\doxia-integration-tools\1.11.1\doxia-integration-tools-1.11.1.jar;C:\Users\manjula\.m2\repository\org\codehaus\plexus\plexus-i18n\1.0-beta-10\plexus-i18n-1.0-beta-10.jar;C:\Users\manjula\.m2\repository\org\apache\maven\doxia\doxia-site-renderer\1.11.1\doxia-site-renderer-1.11.1.jar;C:\Users\manjula\.m2\repository\org\apache\maven\doxia\doxia-skin-model\1.11.1\doxia-skin-model-1.11.1.jar;C:\Users\manjula\.m2\repository\org\apache\maven\doxia\doxia-module-xhtml\1.11.1\doxia-module-xhtml-1.11.1.jar;C:\Users\manjula\.m2\repository\org\apache\maven\doxia\doxia-module-xhtml5\1.11.1\doxia-module-xhtml5-1.11.1.jar;C:\Users\manjula\.m2\repository\org\codehaus\plexus\plexus-velocity\1.2\plexus-velocity-1.2.jar;C:\Users\manjula\.m2\repository\org\apache\velocity\velocity\1.7\velocity-1.7.jar;C:\Users\manjula\.m2\repository\commons-lang\commons-lang\2.4\commons-lang-2.4.jar;C:\Users\manjula\.m2\repository\org\apache\velocity\velocity-tools\2.0\velocity-tools-2.0.jar;C:\Users\manjula\.m2\repository\commons-digester\commons-digester\1.8\commons-digester-1.8.jar;C:\Users\manjula\.m2\repository\commons-chain\commons-chain\1.1\commons-chain-1.1.jar;C:\Users\manjula\.m2\repository\dom4j\dom4j\1.1\dom4j-1.1.jar;C:\Users\manjula\.m2\repository\oro\oro\2.0.8\oro-2.0.8.jar;C:\Users\manjula\.m2\repository\org\codehaus\plexus\plexus-archiver\4.6.0\plexus-archiver-4.6.0.jar;C:\Users\manjula\.m2\repository\javax\inject\javax.inject\1\javax.inject-1.jar;C:\Users\manjula\.m2\repository\org\iq80\snappy\snappy\0.4\snappy-0.4.jar;C:\Users\manjula\.m2\repository\org\tukaani\xz\1.9\xz-1.9.jar;C:\Users\manjula\.m2\repository\com\github\luben\zstd-jni\1.5.2-5\zstd-jni-1.5.2-5.jar;C:\Users\manjula\.m2\repository\org\codehaus\plexus\plexus-utils\3.5.0\plexus-utils-3.5.0.jar;C:\Users\manjula\.m2\repository\org\codehaus\plexus\plexus-io\3.4.0\plexus-io-3.4.0.jar;C:\Users\manjula\.m2\repository\org\apache\maven\shared\maven-dependency-analyzer\1.13.0\maven-dependency-analyzer-1.13.0.jar;C:\Users\manjula\.m2\repository\org\apache\maven\shared\maven-dependency-tree\3.2.1\maven-dependency-tree-3.2.1.jar;C:\Users\manjula\.m2\repository\org\eclipse\aether\aether-util\1.0.0.v20140518\aether-util-1.0.0.v20140518.jar;C:\Users\manjula\.m2\repository\org\apache\maven\shared\maven-common-artifact-filters\3.3.2\maven-common-artifact-filters-3.3.2.jar;C:\Users\manjula\.m2\repository\org\apache\maven\shared\maven-artifact-transfer\0.13.1\maven-artifact-transfer-0.13.1.jar;C:\Users\manjula\.m2\repository\org\sonatype\plexus\plexus-build-api\0.0.7\plexus-build-api-0.0.7.jar;C:\Users\manjula\.m2\repository\commons-beanutils\commons-beanutils\1.9.4\commons-beanutils-1.9.4.jar;C:\Users\manjula\.m2\repository\commons-collections\commons-collections\3.2.2\commons-collections-3.2.2.jar;C:\Users\manjula\.m2\repository\org\sikuli\sikuli-api\1.2.0\sikuli-api-1.2.0.jar;C:\Users\manjula\.m2\repository\org\sikuli\sikuli-core\1.2.2\sikuli-core-1.2.2.jar;C:\Users\manjula\.m2\repository\org\bytedeco\javacpp\0.9\javacpp-0.9.jar;C:\Users\manjula\.m2\repository\org\bytedeco\javacpp-presets\opencv\2.4.9-0.9\opencv-2.4.9-0.9.jar;C:\Users\manjula\.m2\repository\org\piccolo2d\piccolo2d-extras\1.3.1\piccolo2d-extras-1.3.1.jar;C:\Users\manjula\.m2\repository\org\piccolo2d\piccolo2d-core\1.3.1\piccolo2d-core-1.3.1.jar;C:\Users\manjula\.m2\repository\log4j\log4j\1.2.17\log4j-1.2.17.jar;"/>
    <property name="java.vm.vendor" value="Oracle Corporation"/>
    <property name="sun.arch.data.model" value="64"/>
    <property name="user.variant" value=""/>
    <property name="java.vendor.url" value="https://java.oracle.com/"/>
    <property name="user.timezone" value="Asia/Calcutta"/>
    <property name="os.name" value="Windows 10"/>
    <property name="java.vm.specification.version" value="17"/>
    <property name="sun.java.launcher" value="SUN_STANDARD"/>
    <property name="user.country" value="IN"/>
    <property name="sun.boot.library.path" value="C:\Program Files\Java\jdk-17.0.5\bin"/>
    <property name="sun.java.command" value="C:\Users\manjula\AppData\Local\Temp\surefire10263169038097565473\surefirebooter-20230721190805159_3.jar C:\Users\manjula\AppData\Local\Temp\surefire10263169038097565473 2023-07-21T19-08-04_630-jvmRun1 surefire-20230721190805159_1tmp surefire_0-20230721190805159_2tmp"/>
    <property name="jdk.debug" value="release"/>
    <property name="surefire.test.class.path" value="C:\Users\manjula\selenium\MyStoreProject\target\test-classes;C:\Users\manjula\selenium\MyStoreProject\target\classes;C:\Users\manjula\.m2\repository\org\apache\maven\plugins\maven-compiler-plugin\3.11.0\maven-compiler-plugin-3.11.0.jar;C:\Users\manjula\.m2\repository\org\apache\maven\shared\maven-shared-utils\3.3.4\maven-shared-utils-3.3.4.jar;C:\Users\manjula\.m2\repository\org\apache\maven\shared\maven-shared-incremental\1.1\maven-shared-incremental-1.1.jar;C:\Users\manjula\.m2\repository\org\codehaus\plexus\plexus-component-annotations\1.5.5\plexus-component-annotations-1.5.5.jar;C:\Users\manjula\.m2\repository\org\codehaus\plexus\plexus-java\1.1.2\plexus-java-1.1.2.jar;C:\Users\manjula\.m2\repository\org\ow2\asm\asm\9.4\asm-9.4.jar;C:\Users\manjula\.m2\repository\com\thoughtworks\qdox\qdox\2.0.3\qdox-2.0.3.jar;C:\Users\manjula\.m2\repository\org\codehaus\plexus\plexus-compiler-api\2.13.0\plexus-compiler-api-2.13.0.jar;C:\Users\manjula\.m2\repository\org\codehaus\plexus\plexus-compiler-manager\2.13.0\plexus-compiler-manager-2.13.0.jar;C:\Users\manjula\.m2\repository\org\codehaus\plexus\plexus-compiler-javac\2.13.0\plexus-compiler-javac-2.13.0.jar;C:\Users\manjula\.m2\repository\junit\junit\4.12\junit-4.12.jar;C:\Users\manjula\.m2\repository\org\hamcrest\hamcrest-core\1.3\hamcrest-core-1.3.jar;C:\Users\manjula\.m2\repository\org\apache\poi\poi\5.2.3\poi-5.2.3.jar;C:\Users\manjula\.m2\repository\commons-codec\commons-codec\1.15\commons-codec-1.15.jar;C:\Users\manjula\.m2\repository\org\apache\commons\commons-collections4\4.4\commons-collections4-4.4.jar;C:\Users\manjula\.m2\repository\org\apache\commons\commons-math3\3.6.1\commons-math3-3.6.1.jar;C:\Users\manjula\.m2\repository\commons-io\commons-io\2.11.0\commons-io-2.11.0.jar;C:\Users\manjula\.m2\repository\com\zaxxer\SparseBitSet\1.2\SparseBitSet-1.2.jar;C:\Users\manjula\.m2\repository\org\apache\logging\log4j\log4j-api\2.18.0\log4j-api-2.18.0.jar;C:\Users\manjula\.m2\repository\org\apache\poi\poi-ooxml\5.2.3\poi-ooxml-5.2.3.jar;C:\Users\manjula\.m2\repository\org\apache\poi\poi-ooxml-lite\5.2.3\poi-ooxml-lite-5.2.3.jar;C:\Users\manjula\.m2\repository\org\apache\xmlbeans\xmlbeans\5.1.1\xmlbeans-5.1.1.jar;C:\Users\manjula\.m2\repository\org\apache\commons\commons-compress\1.21\commons-compress-1.21.jar;C:\Users\manjula\.m2\repository\com\github\virtuald\curvesapi\1.07\curvesapi-1.07.jar;C:\Users\manjula\.m2\repository\org\seleniumhq\selenium\selenium-java\4.8.1\selenium-java-4.8.1.jar;C:\Users\manjula\.m2\repository\org\seleniumhq\selenium\selenium-api\4.8.1\selenium-api-4.8.1.jar;C:\Users\manjula\.m2\repository\org\seleniumhq\selenium\selenium-chrome-driver\4.8.1\selenium-chrome-driver-4.8.1.jar;C:\Users\manjula\.m2\repository\com\google\auto\service\auto-service-annotations\1.0.1\auto-service-annotations-1.0.1.jar;C:\Users\manjula\.m2\repository\com\google\auto\service\auto-service\1.0.1\auto-service-1.0.1.jar;C:\Users\manjula\.m2\repository\com\google\auto\auto-common\1.2\auto-common-1.2.jar;C:\Users\manjula\.m2\repository\com\google\guava\guava\31.1-jre\guava-31.1-jre.jar;C:\Users\manjula\.m2\repository\com\google\guava\failureaccess\1.0.1\failureaccess-1.0.1.jar;C:\Users\manjula\.m2\repository\com\google\guava\listenablefuture\9999.0-empty-to-avoid-conflict-with-guava\listenablefuture-9999.0-empty-to-avoid-conflict-with-guava.jar;C:\Users\manjula\.m2\repository\org\checkerframework\checker-qual\3.12.0\checker-qual-3.12.0.jar;C:\Users\manjula\.m2\repository\com\google\errorprone\error_prone_annotations\2.11.0\error_prone_annotations-2.11.0.jar;C:\Users\manjula\.m2\repository\com\google\j2objc\j2objc-annotations\1.3\j2objc-annotations-1.3.jar;C:\Users\manjula\.m2\repository\org\seleniumhq\selenium\selenium-chromium-driver\4.8.1\selenium-chromium-driver-4.8.1.jar;C:\Users\manjula\.m2\repository\org\seleniumhq\selenium\selenium-json\4.8.1\selenium-json-4.8.1.jar;C:\Users\manjula\.m2\repository\org\seleniumhq\selenium\selenium-devtools-v108\4.8.1\selenium-devtools-v108-4.8.1.jar;C:\Users\manjula\.m2\repository\org\seleniumhq\selenium\selenium-devtools-v109\4.8.1\selenium-devtools-v109-4.8.1.jar;C:\Users\manjula\.m2\repository\org\seleniumhq\selenium\selenium-devtools-v110\4.8.1\selenium-devtools-v110-4.8.1.jar;C:\Users\manjula\.m2\repository\org\seleniumhq\selenium\selenium-devtools-v85\4.8.1\selenium-devtools-v85-4.8.1.jar;C:\Users\manjula\.m2\repository\org\seleniumhq\selenium\selenium-edge-driver\4.8.1\selenium-edge-driver-4.8.1.jar;C:\Users\manjula\.m2\repository\org\seleniumhq\selenium\selenium-firefox-driver\4.8.1\selenium-firefox-driver-4.8.1.jar;C:\Users\manjula\.m2\repository\org\seleniumhq\selenium\selenium-http\4.8.1\selenium-http-4.8.1.jar;C:\Users\manjula\.m2\repository\dev\failsafe\failsafe\3.3.0\failsafe-3.3.0.jar;C:\Users\manjula\.m2\repository\org\seleniumhq\selenium\selenium-ie-driver\4.8.1\selenium-ie-driver-4.8.1.jar;C:\Users\manjula\.m2\repository\org\seleniumhq\selenium\selenium-remote-driver\4.8.1\selenium-remote-driver-4.8.1.jar;C:\Users\manjula\.m2\repository\io\netty\netty-buffer\4.1.87.Final\netty-buffer-4.1.87.Final.jar;C:\Users\manjula\.m2\repository\io\netty\netty-codec-http\4.1.87.Final\netty-codec-http-4.1.87.Final.jar;C:\Users\manjula\.m2\repository\io\netty\netty-codec\4.1.87.Final\netty-codec-4.1.87.Final.jar;C:\Users\manjula\.m2\repository\io\netty\netty-handler\4.1.87.Final\netty-handler-4.1.87.Final.jar;C:\Users\manjula\.m2\repository\io\netty\netty-common\4.1.87.Final\netty-common-4.1.87.Final.jar;C:\Users\manjula\.m2\repository\io\netty\netty-transport-classes-epoll\4.1.87.Final\netty-transport-classes-epoll-4.1.87.Final.jar;C:\Users\manjula\.m2\repository\io\netty\netty-transport-classes-kqueue\4.1.87.Final\netty-transport-classes-kqueue-4.1.87.Final.jar;C:\Users\manjula\.m2\repository\io\netty\netty-transport-native-epoll\4.1.87.Final\netty-transport-native-epoll-4.1.87.Final.jar;C:\Users\manjula\.m2\repository\io\netty\netty-transport-native-kqueue\4.1.87.Final\netty-transport-native-kqueue-4.1.87.Final.jar;C:\Users\manjula\.m2\repository\io\netty\netty-transport-native-unix-common\4.1.87.Final\netty-transport-native-unix-common-4.1.87.Final.jar;C:\Users\manjula\.m2\repository\io\netty\netty-transport\4.1.87.Final\netty-transport-4.1.87.Final.jar;C:\Users\manjula\.m2\repository\io\netty\netty-resolver\4.1.87.Final\netty-resolver-4.1.87.Final.jar;C:\Users\manjula\.m2\repository\io\opentelemetry\opentelemetry-api\1.22.0\opentelemetry-api-1.22.0.jar;C:\Users\manjula\.m2\repository\io\opentelemetry\opentelemetry-context\1.22.0\opentelemetry-context-1.22.0.jar;C:\Users\manjula\.m2\repository\io\opentelemetry\opentelemetry-exporter-logging\1.22.0\opentelemetry-exporter-logging-1.22.0.jar;C:\Users\manjula\.m2\repository\io\opentelemetry\opentelemetry-sdk-metrics\1.22.0\opentelemetry-sdk-metrics-1.22.0.jar;C:\Users\manjula\.m2\repository\io\opentelemetry\opentelemetry-sdk-logs\1.22.0-alpha\opentelemetry-sdk-logs-1.22.0-alpha.jar;C:\Users\manjula\.m2\repository\io\opentelemetry\opentelemetry-api-logs\1.22.0-alpha\opentelemetry-api-logs-1.22.0-alpha.jar;C:\Users\manjula\.m2\repository\io\opentelemetry\opentelemetry-sdk-common\1.22.0\opentelemetry-sdk-common-1.22.0.jar;C:\Users\manjula\.m2\repository\io\opentelemetry\opentelemetry-sdk-extension-autoconfigure-spi\1.22.0\opentelemetry-sdk-extension-autoconfigure-spi-1.22.0.jar;C:\Users\manjula\.m2\repository\io\opentelemetry\opentelemetry-sdk-extension-autoconfigure\1.22.0-alpha\opentelemetry-sdk-extension-autoconfigure-1.22.0-alpha.jar;C:\Users\manjula\.m2\repository\io\opentelemetry\opentelemetry-sdk-trace\1.22.0\opentelemetry-sdk-trace-1.22.0.jar;C:\Users\manjula\.m2\repository\io\opentelemetry\opentelemetry-sdk\1.22.0\opentelemetry-sdk-1.22.0.jar;C:\Users\manjula\.m2\repository\io\opentelemetry\opentelemetry-semconv\1.22.0-alpha\opentelemetry-semconv-1.22.0-alpha.jar;C:\Users\manjula\.m2\repository\io\ous\jtoml\2.0.0\jtoml-2.0.0.jar;C:\Users\manjula\.m2\repository\net\bytebuddy\byte-buddy\1.12.22\byte-buddy-1.12.22.jar;C:\Users\manjula\.m2\repository\org\apache\commons\commons-exec\1.3\commons-exec-1.3.jar;C:\Users\manjula\.m2\repository\org\asynchttpclient\async-http-client\2.12.3\async-http-client-2.12.3.jar;C:\Users\manjula\.m2\repository\org\asynchttpclient\async-http-client-netty-utils\2.12.3\async-http-client-netty-utils-2.12.3.jar;C:\Users\manjula\.m2\repository\io\netty\netty-codec-socks\4.1.60.Final\netty-codec-socks-4.1.60.Final.jar;C:\Users\manjula\.m2\repository\io\netty\netty-handler-proxy\4.1.60.Final\netty-handler-proxy-4.1.60.Final.jar;C:\Users\manjula\.m2\repository\io\netty\netty-transport-native-epoll\4.1.60.Final\netty-transport-native-epoll-4.1.60.Final-linux-x86_64.jar;C:\Users\manjula\.m2\repository\io\netty\netty-transport-native-kqueue\4.1.60.Final\netty-transport-native-kqueue-4.1.60.Final-osx-x86_64.jar;C:\Users\manjula\.m2\repository\org\reactivestreams\reactive-streams\1.0.3\reactive-streams-1.0.3.jar;C:\Users\manjula\.m2\repository\com\typesafe\netty\netty-reactive-streams\2.0.4\netty-reactive-streams-2.0.4.jar;C:\Users\manjula\.m2\repository\com\sun\activation\jakarta.activation\1.2.2\jakarta.activation-1.2.2.jar;C:\Users\manjula\.m2\repository\org\seleniumhq\selenium\selenium-manager\4.8.1\selenium-manager-4.8.1.jar;C:\Users\manjula\.m2\repository\org\seleniumhq\selenium\selenium-safari-driver\4.8.1\selenium-safari-driver-4.8.1.jar;C:\Users\manjula\.m2\repository\org\seleniumhq\selenium\selenium-support\4.8.1\selenium-support-4.8.1.jar;C:\Users\manjula\.m2\repository\org\testng\testng\7.5\testng-7.5.jar;C:\Users\manjula\.m2\repository\com\google\code\findbugs\jsr305\3.0.1\jsr305-3.0.1.jar;C:\Users\manjula\.m2\repository\com\beust\jcommander\1.78\jcommander-1.78.jar;C:\Users\manjula\.m2\repository\org\webjars\jquery\3.5.1\jquery-3.5.1.jar;C:\Users\manjula\.m2\repository\mysql\mysql-connector-java\8.0.29\mysql-connector-java-8.0.29.jar;C:\Users\manjula\.m2\repository\com\google\protobuf\protobuf-java\3.19.4\protobuf-java-3.19.4.jar;C:\Users\manjula\.m2\repository\io\github\bonigarcia\webdrivermanager\5.2.3\webdrivermanager-5.2.3.jar;C:\Users\manjula\.m2\repository\com\google\code\gson\gson\2.9.1\gson-2.9.1.jar;C:\Users\manjula\.m2\repository\com\github\docker-java\docker-java\3.2.13\docker-java-3.2.13.jar;C:\Users\manjula\.m2\repository\com\github\docker-java\docker-java-core\3.2.13\docker-java-core-3.2.13.jar;C:\Users\manjula\.m2\repository\com\github\docker-java\docker-java-api\3.2.13\docker-java-api-3.2.13.jar;C:\Users\manjula\.m2\repository\com\fasterxml\jackson\core\jackson-annotations\2.10.3\jackson-annotations-2.10.3.jar;C:\Users\manjula\.m2\repository\com\fasterxml\jackson\core\jackson-databind\2.10.3\jackson-databind-2.10.3.jar;C:\Users\manjula\.m2\repository\com\fasterxml\jackson\core\jackson-core\2.10.3\jackson-core-2.10.3.jar;C:\Users\manjula\.m2\repository\org\bouncycastle\bcpkix-jdk15on\1.64\bcpkix-jdk15on-1.64.jar;C:\Users\manjula\.m2\repository\org\bouncycastle\bcprov-jdk15on\1.64\bcprov-jdk15on-1.64.jar;C:\Users\manjula\.m2\repository\org\slf4j\jcl-over-slf4j\1.7.30\jcl-over-slf4j-1.7.30.jar;C:\Users\manjula\.m2\repository\com\github\docker-java\docker-java-transport-httpclient5\3.2.13\docker-java-transport-httpclient5-3.2.13.jar;C:\Users\manjula\.m2\repository\com\github\docker-java\docker-java-transport\3.2.13\docker-java-transport-3.2.13.jar;C:\Users\manjula\.m2\repository\net\java\dev\jna\jna\5.8.0\jna-5.8.0.jar;C:\Users\manjula\.m2\repository\org\brotli\dec\0.1.2\dec-0.1.2.jar;C:\Users\manjula\.m2\repository\org\apache\commons\commons-lang3\3.12.0\commons-lang3-3.12.0.jar;C:\Users\manjula\.m2\repository\org\apache\httpcomponents\client5\httpclient5\5.1.3\httpclient5-5.1.3.jar;C:\Users\manjula\.m2\repository\org\apache\httpcomponents\core5\httpcore5\5.1.3\httpcore5-5.1.3.jar;C:\Users\manjula\.m2\repository\org\apache\httpcomponents\core5\httpcore5-h2\5.1.3\httpcore5-h2-5.1.3.jar;C:\Users\manjula\.m2\repository\org\slf4j\slf4j-api\1.7.5\slf4j-api-1.7.5.jar;C:\Users\manjula\.m2\repository\com\aventstack\extentreports\3.1.5\extentreports-3.1.5.jar;C:\Users\manjula\.m2\repository\org\freemarker\freemarker\2.3.23\freemarker-2.3.23.jar;C:\Users\manjula\.m2\repository\org\mongodb\mongodb-driver\3.3.0\mongodb-driver-3.3.0.jar;C:\Users\manjula\.m2\repository\org\mongodb\bson\3.3.0\bson-3.3.0.jar;C:\Users\manjula\.m2\repository\org\mongodb\mongodb-driver-core\3.3.0\mongodb-driver-core-3.3.0.jar;C:\Users\manjula\.m2\repository\org\apache\httpcomponents\httpclient\4.5.2\httpclient-4.5.2.jar;C:\Users\manjula\.m2\repository\org\apache\httpcomponents\httpcore\4.4.4\httpcore-4.4.4.jar;C:\Users\manjula\.m2\repository\commons-logging\commons-logging\1.2\commons-logging-1.2.jar;C:\Users\manjula\.m2\repository\org\apache\httpcomponents\httpmime\4.5.2\httpmime-4.5.2.jar;C:\Users\manjula\.m2\repository\org\jsoup\jsoup\1.9.2\jsoup-1.9.2.jar;C:\Users\manjula\.m2\repository\com\relevantcodes\extentreports\2.41.2\extentreports-2.41.2.jar;C:\Users\manjula\.m2\repository\org\xerial\sqlite-jdbc\3.8.11.1\sqlite-jdbc-3.8.11.1.jar;C:\Users\manjula\.m2\repository\org\apache\maven\plugins\maven-dependency-plugin\3.4.0\maven-dependency-plugin-3.4.0.jar;C:\Users\manjula\.m2\repository\org\apache\maven\reporting\maven-reporting-impl\3.2.0\maven-reporting-impl-3.2.0.jar;C:\Users\manjula\.m2\repository\org\apache\maven\reporting\maven-reporting-api\3.1.1\maven-reporting-api-3.1.1.jar;C:\Users\manjula\.m2\repository\org\apache\maven\maven-core\3.1.0\maven-core-3.1.0.jar;C:\Users\manjula\.m2\repository\org\apache\maven\maven-model\3.1.0\maven-model-3.1.0.jar;C:\Users\manjula\.m2\repository\org\apache\maven\maven-settings\3.1.0\maven-settings-3.1.0.jar;C:\Users\manjula\.m2\repository\org\apache\maven\maven-settings-builder\3.1.0\maven-settings-builder-3.1.0.jar;C:\Users\manjula\.m2\repository\org\apache\maven\maven-repository-metadata\3.1.0\maven-repository-metadata-3.1.0.jar;C:\Users\manjula\.m2\repository\org\apache\maven\maven-model-builder\3.1.0\maven-model-builder-3.1.0.jar;C:\Users\manjula\.m2\repository\org\apache\maven\maven-aether-provider\3.1.0\maven-aether-provider-3.1.0.jar;C:\Users\manjula\.m2\repository\org\eclipse\aether\aether-spi\0.9.0.M2\aether-spi-0.9.0.M2.jar;C:\Users\manjula\.m2\repository\org\eclipse\aether\aether-impl\0.9.0.M2\aether-impl-0.9.0.M2.jar;C:\Users\manjula\.m2\repository\org\eclipse\aether\aether-api\0.9.0.M2\aether-api-0.9.0.M2.jar;C:\Users\manjula\.m2\repository\org\eclipse\sisu\org.eclipse.sisu.plexus\0.0.0.M2a\org.eclipse.sisu.plexus-0.0.0.M2a.jar;C:\Users\manjula\.m2\repository\javax\enterprise\cdi-api\1.0\cdi-api-1.0.jar;C:\Users\manjula\.m2\repository\javax\annotation\jsr250-api\1.0\jsr250-api-1.0.jar;C:\Users\manjula\.m2\repository\org\sonatype\sisu\sisu-guice\3.1.0\sisu-guice-3.1.0-no_aop.jar;C:\Users\manjula\.m2\repository\aopalliance\aopalliance\1.0\aopalliance-1.0.jar;C:\Users\manjula\.m2\repository\org\eclipse\sisu\org.eclipse.sisu.inject\0.0.0.M2a\org.eclipse.sisu.inject-0.0.0.M2a.jar;C:\Users\manjula\.m2\repository\asm\asm\3.3.1\asm-3.3.1.jar;C:\Users\manjula\.m2\repository\org\codehaus\plexus\plexus-interpolation\1.16\plexus-interpolation-1.16.jar;C:\Users\manjula\.m2\repository\org\codehaus\plexus\plexus-classworlds\2.4.2\plexus-classworlds-2.4.2.jar;C:\Users\manjula\.m2\repository\org\sonatype\plexus\plexus-sec-dispatcher\1.3\plexus-sec-dispatcher-1.3.jar;C:\Users\manjula\.m2\repository\org\sonatype\plexus\plexus-cipher\1.4\plexus-cipher-1.4.jar;C:\Users\manjula\.m2\repository\org\apache\maven\maven-artifact\3.1.0\maven-artifact-3.1.0.jar;C:\Users\manjula\.m2\repository\org\apache\maven\maven-plugin-api\3.1.0\maven-plugin-api-3.1.0.jar;C:\Users\manjula\.m2\repository\org\apache\maven\doxia\doxia-sink-api\1.11.1\doxia-sink-api-1.11.1.jar;C:\Users\manjula\.m2\repository\org\apache\maven\doxia\doxia-logging-api\1.11.1\doxia-logging-api-1.11.1.jar;C:\Users\manjula\.m2\repository\org\apache\maven\doxia\doxia-decoration-model\1.11.1\doxia-decoration-model-1.11.1.jar;C:\Users\manjula\.m2\repository\org\apache\maven\doxia\doxia-core\1.11.1\doxia-core-1.11.1.jar;C:\Users\manjula\.m2\repository\org\codehaus\plexus\plexus-container-default\2.1.0\plexus-container-default-2.1.0.jar;C:\Users\manjula\.m2\repository\org\apache\xbean\xbean-reflect\3.7\xbean-reflect-3.7.jar;C:\Users\manjula\.m2\repository\com\google\collections\google-collections\1.0\google-collections-1.0.jar;C:\Users\manjula\.m2\repository\org\apache\commons\commons-text\1.3\commons-text-1.3.jar;C:\Users\manjula\.m2\repository\org\apache\maven\doxia\doxia-integration-tools\1.11.1\doxia-integration-tools-1.11.1.jar;C:\Users\manjula\.m2\repository\org\codehaus\plexus\plexus-i18n\1.0-beta-10\plexus-i18n-1.0-beta-10.jar;C:\Users\manjula\.m2\repository\org\apache\maven\doxia\doxia-site-renderer\1.11.1\doxia-site-renderer-1.11.1.jar;C:\Users\manjula\.m2\repository\org\apache\maven\doxia\doxia-skin-model\1.11.1\doxia-skin-model-1.11.1.jar;C:\Users\manjula\.m2\repository\org\apache\maven\doxia\doxia-module-xhtml\1.11.1\doxia-module-xhtml-1.11.1.jar;C:\Users\manjula\.m2\repository\org\apache\maven\doxia\doxia-module-xhtml5\1.11.1\doxia-module-xhtml5-1.11.1.jar;C:\Users\manjula\.m2\repository\org\codehaus\plexus\plexus-velocity\1.2\plexus-velocity-1.2.jar;C:\Users\manjula\.m2\repository\org\apache\velocity\velocity\1.7\velocity-1.7.jar;C:\Users\manjula\.m2\repository\commons-lang\commons-lang\2.4\commons-lang-2.4.jar;C:\Users\manjula\.m2\repository\org\apache\velocity\velocity-tools\2.0\velocity-tools-2.0.jar;C:\Users\manjula\.m2\repository\commons-digester\commons-digester\1.8\commons-digester-1.8.jar;C:\Users\manjula\.m2\repository\commons-chain\commons-chain\1.1\commons-chain-1.1.jar;C:\Users\manjula\.m2\repository\dom4j\dom4j\1.1\dom4j-1.1.jar;C:\Users\manjula\.m2\repository\oro\oro\2.0.8\oro-2.0.8.jar;C:\Users\manjula\.m2\repository\org\codehaus\plexus\plexus-archiver\4.6.0\plexus-archiver-4.6.0.jar;C:\Users\manjula\.m2\repository\javax\inject\javax.inject\1\javax.inject-1.jar;C:\Users\manjula\.m2\repository\org\iq80\snappy\snappy\0.4\snappy-0.4.jar;C:\Users\manjula\.m2\repository\org\tukaani\xz\1.9\xz-1.9.jar;C:\Users\manjula\.m2\repository\com\github\luben\zstd-jni\1.5.2-5\zstd-jni-1.5.2-5.jar;C:\Users\manjula\.m2\repository\org\codehaus\plexus\plexus-utils\3.5.0\plexus-utils-3.5.0.jar;C:\Users\manjula\.m2\repository\org\codehaus\plexus\plexus-io\3.4.0\plexus-io-3.4.0.jar;C:\Users\manjula\.m2\repository\org\apache\maven\shared\maven-dependency-analyzer\1.13.0\maven-dependency-analyzer-1.13.0.jar;C:\Users\manjula\.m2\repository\org\apache\maven\shared\maven-dependency-tree\3.2.1\maven-dependency-tree-3.2.1.jar;C:\Users\manjula\.m2\repository\org\eclipse\aether\aether-util\1.0.0.v20140518\aether-util-1.0.0.v20140518.jar;C:\Users\manjula\.m2\repository\org\apache\maven\shared\maven-common-artifact-filters\3.3.2\maven-common-artifact-filters-3.3.2.jar;C:\Users\manjula\.m2\repository\org\apache\maven\shared\maven-artifact-transfer\0.13.1\maven-artifact-transfer-0.13.1.jar;C:\Users\manjula\.m2\repository\org\sonatype\plexus\plexus-build-api\0.0.7\plexus-build-api-0.0.7.jar;C:\Users\manjula\.m2\repository\commons-beanutils\commons-beanutils\1.9.4\commons-beanutils-1.9.4.jar;C:\Users\manjula\.m2\repository\commons-collections\commons-collections\3.2.2\commons-collections-3.2.2.jar;C:\Users\manjula\.m2\repository\org\sikuli\sikuli-api\1.2.0\sikuli-api-1.2.0.jar;C:\Users\manjula\.m2\repository\org\sikuli\sikuli-core\1.2.2\sikuli-core-1.2.2.jar;C:\Users\manjula\.m2\repository\org\bytedeco\javacpp\0.9\javacpp-0.9.jar;C:\Users\manjula\.m2\repository\org\bytedeco\javacpp-presets\opencv\2.4.9-0.9\opencv-2.4.9-0.9.jar;C:\Users\manjula\.m2\repository\org\piccolo2d\piccolo2d-extras\1.3.1\piccolo2d-extras-1.3.1.jar;C:\Users\manjula\.m2\repository\org\piccolo2d\piccolo2d-core\1.3.1\piccolo2d-core-1.3.1.jar;C:\Users\manjula\.m2\repository\log4j\log4j\1.2.17\log4j-1.2.17.jar;"/>
    <property name="sun.cpu.endian" value="little"/>
    <property name="user.home" value="C:\Users\manjula"/>
    <property name="user.language" value="en"/>
    <property name="java.specification.vendor" value="Oracle Corporation"/>
    <property name="java.version.date" value="2022-10-18"/>
    <property name="java.home" value="C:\Program Files\Java\jdk-17.0.5"/>
    <property name="file.separator" value="\"/>
    <property name="basedir" value="C:\Users\manjula\selenium\MyStoreProject"/>
    <property name="java.vm.compressedOopsMode" value="32-bit"/>
    <property name="line.separator" value="&#10;"/>
    <property name="java.vm.specification.vendor" value="Oracle Corporation"/>
    <property name="java.specification.name" value="Java Platform API Specification"/>
    <property name="surefire.real.class.path" value="C:\Users\manjula\AppData\Local\Temp\surefire10263169038097565473\surefirebooter-20230721190805159_3.jar"/>
    <property name="user.script" value=""/>
    <property name="sun.management.compiler" value="HotSpot 64-Bit Tiered Compilers"/>
    <property name="java.runtime.version" value="17.0.5+9-LTS-191"/>
    <property name="user.name" value="manjula"/>
    <property name="path.separator" value=";"/>
    <property name="os.version" value="10.0"/>
    <property name="java.runtime.name" value="Java(TM) SE Runtime Environment"/>
    <property name="file.encoding" value="Cp1252"/>
    <property name="java.vm.name" value="Java HotSpot(TM) 64-Bit Server VM"/>
    <property name="localRepository" value="C:\Users\manjula\.m2\repository"/>
    <property name="java.vendor.url.bug" value="https://bugreport.java.com/bugreport/"/>
    <property name="java.io.tmpdir" value="C:\Users\manjula\AppData\Local\Temp\"/>
    <property name="java.version" value="17.0.5"/>
    <property name="user.dir" value="C:\Users\manjula\selenium\MyStoreProject"/>
    <property name="os.arch" value="amd64"/>
    <property name="java.vm.specification.name" value="Java Virtual Machine Specification"/>
    <property name="sun.os.patch.level" value=""/>
    <property name="native.encoding" value="Cp1252"/>
    <property name="java.library.path" value="C:\Program Files\Java\jdk-17.0.5\bin;C:\WINDOWS\Sun\Java\bin;C:\WINDOWS\system32;C:\WINDOWS;C:\Users\manjula\.jenkins\tools\hudson.tasks.Maven_MavenInstallation\Maven_3.8/bin;C:\Program Files\Common Files\Oracle\Java\javapath;C:\Program Files (x86)\Common Files\Oracle\Java\javapath;&quot;C:\Program Files (x86)\Common Files\Oracle\Java\javapath;C:\Program Files\Java\jdk-11.0.2_windows-x64_bin\jdk-11.0.2\bin&quot;;C:\Program Files (x86)\Intel\iCLS Client\;C:\Program Files\Intel\iCLS Client\;C:\WINDOWS\system32;C:\WINDOWS;C:\WINDOWS\System32\Wbem;C:\WINDOWS\System32\WindowsPowerShell\v1.0\;C:\Program Files (x86)\Intel\Intel(R) Management Engine Components\DAL;C:\Program Files\Intel\Intel(R) Management Engine Components\DAL;C:\Program Files (x86)\Intel\Intel(R) Management Engine Components\IPT;C:\Program Files\Intel\Intel(R) Management Engine Components\IPT;C:\Program Files (x86)\Microsoft SQL Server\Client SDK\ODBC\130\Tools\Binn\;C:\Program Files (x86)\Microsoft SQL Server\140\Tools\Binn\;C:\Program Files (x86)\Microsoft SQL Server\140\DTS\Binn\;C:\Program Files (x86)\Microsoft SQL Server\140\Tools\Binn\ManagementStudio\;c:\Program Files (x86)\Microsoft SQL Server\100\Tools\Binn\;c:\Program Files\Microsoft SQL Server\100\Tools\Binn\;c:\Program Files\Microsoft SQL Server\100\DTS\Binn\;c:\Program Files\Microsoft SQL Server\110\Tools\Binn\;c:\Program Files (x86)\Microsoft SQL Server\110\Tools\Binn\ManagementStudio\;c:\Program Files (x86)\Microsoft SQL Server\110\Tools\Binn\;c:\Program Files (x86)\Microsoft SQL Server\110\DTS\Binn\;C:\WINDOWS\System32\OpenSSH\;C:\Program Files\Java\jdk1.8.0_201\bin;C:\Program Files\Java\jdk1.8.0_201\jre\bin;C:\Program Files\dotnet\;C:\Program Files\Microsoft SQL Server\130\Tools\Binn\;C:\Users\manjula\.dnx\bin;C:\Program Files\Microsoft DNX\Dnvm\;C:\Program Files\Microsoft SQL Server\120\Tools\Binn\;C:\Program Files\Common Files\Autodesk Shared\;C:\apache-maven-3.8.6\bin;C:\Program Files\Java\jdk-17.0.5;C:\Program Files\nodejs\;C:\Program Files\nodejs\node_modules;C:\apache maven\apache-maven-3.9.3\bin;C:\Program Files\MySQL\MySQL Shell 8.0\bin\;C:\Users\manjula\AppData\Local\Microsoft\WindowsApps;C:\Users\manjula\AppData\Roaming\npm;."/>
    <property name="java.vm.info" value="mixed mode, sharing"/>
    <property name="java.vendor" value="Oracle Corporation"/>
    <property name="java.vm.version" value="17.0.5+9-LTS-191"/>
    <property name="sun.io.unicode.encoding" value="UnicodeLittle"/>
    <property name="java.class.version" value="61.0"/>
  </properties>
  <testcase name="loginTest" classname="com.inetbanking.testcases.TC_LoginTest_01" time="2.788">
    <system-out><![CDATA[ INFO [main] (TC_LoginTest_01.java:19)- url is opened
 INFO [main] (TC_LoginTest_01.java:24)- eneter username 
 INFO [main] (TC_LoginTest_01.java:26)- eneter password 
 INFO [main] (TC_LoginTest_01.java:28)- submitted
 INFO [main] (TC_LoginTest_01.java:36)-  tc failed 
]]></system-out>
    <system-err><![CDATA[SLF4J: Failed to load class "org.slf4j.impl.StaticLoggerBinder".
SLF4J: Defaulting to no-operation (NOP) logger implementation
SLF4J: See http://www.slf4j.org/codes.html#StaticLoggerBinder for further details.
log4j:ERROR Could not read configuration file [Log4j.properties].
java.io.FileNotFoundException: Log4j.properties (The system cannot find the file specified)
	at java.base/java.io.FileInputStream.open0(Native Method)
	at java.base/java.io.FileInputStream.open(FileInputStream.java:216)
	at java.base/java.io.FileInputStream.<init>(FileInputStream.java:157)
	at java.base/java.io.FileInputStream.<init>(FileInputStream.java:111)
	at org.apache.log4j.PropertyConfigurator.doConfigure(PropertyConfigurator.java:372)
	at org.apache.log4j.PropertyConfigurator.configure(PropertyConfigurator.java:403)
	at com.inetbanking.testcases.BaseClass.setup(BaseClass.java:41)
	at java.base/jdk.internal.reflect.NativeMethodAccessorImpl.invoke0(Native Method)
	at java.base/jdk.internal.reflect.NativeMethodAccessorImpl.invoke(NativeMethodAccessorImpl.java:77)
	at java.base/jdk.internal.reflect.DelegatingMethodAccessorImpl.invoke(DelegatingMethodAccessorImpl.java:43)
	at java.base/java.lang.reflect.Method.invoke(Method.java:568)
	at org.testng.internal.invokers.MethodInvocationHelper.invokeMethod(MethodInvocationHelper.java:135)
	at org.testng.internal.invokers.MethodInvocationHelper.invokeMethodConsideringTimeout(MethodInvocationHelper.java:65)
	at org.testng.internal.invokers.ConfigInvoker.invokeConfigurationMethod(ConfigInvoker.java:381)
	at org.testng.internal.invokers.ConfigInvoker.invokeConfigurations(ConfigInvoker.java:319)
	at org.testng.internal.invokers.TestMethodWorker.invokeBeforeClassMethods(TestMethodWorker.java:178)
	at org.testng.internal.invokers.TestMethodWorker.run(TestMethodWorker.java:122)
	at java.base/java.util.ArrayList.forEach(ArrayList.java:1511)
	at org.testng.TestRunner.privateRun(TestRunner.java:808)
	at org.testng.TestRunner.run(TestRunner.java:603)
	at org.testng.SuiteRunner.runTest(SuiteRunner.java:429)
	at org.testng.SuiteRunner.runSequentially(SuiteRunner.java:423)
	at org.testng.SuiteRunner.privateRun(SuiteRunner.java:383)
	at org.testng.SuiteRunner.run(SuiteRunner.java:326)
	at org.testng.SuiteRunnerWorker.runSuite(SuiteRunnerWorker.java:52)
	at org.testng.SuiteRunnerWorker.run(SuiteRunnerWorker.java:95)
	at org.testng.TestNG.runSuitesSequentially(TestNG.java:1249)
	at org.testng.TestNG.runSuitesLocally(TestNG.java:1169)
	at org.testng.TestNG.runSuites(TestNG.java:1092)
	at org.testng.TestNG.run(TestNG.java:1060)
	at org.apache.maven.surefire.testng.TestNGExecutor.run(TestNGExecutor.java:308)
	at org.apache.maven.surefire.testng.TestNGXmlTestSuite.execute(TestNGXmlTestSuite.java:71)
	at org.apache.maven.surefire.testng.TestNGProvider.invoke(TestNGProvider.java:113)
	at org.apache.maven.surefire.booter.ForkedBooter.runSuitesInProcess(ForkedBooter.java:385)
	at org.apache.maven.surefire.booter.ForkedBooter.execute(ForkedBooter.java:162)
	at org.apache.maven.surefire.booter.ForkedBooter.run(ForkedBooter.java:507)
	at org.apache.maven.surefire.booter.ForkedBooter.main(ForkedBooter.java:495)
log4j:ERROR Ignoring configuration file [Log4j.properties].
ERROR StatusLogger Log4j2 could not find a logging implementation. Please add log4j-core to the classpath. Using SimpleLogger to log to the console...
Starting ChromeDriver 114.0.5735.90 (386bc09e8f4f2e025eddae123f36f6263096ae49-refs/branch-heads/5735@{#1052}) on port 35762
Only local connections are allowed.
Please see https://chromedriver.chromium.org/security-considerations for suggestions on keeping ChromeDriver safe.
ChromeDriver was started successfully.
Jul 21, 2023 7:08:14 PM org.openqa.selenium.devtools.CdpVersionFinder findNearestMatch
WARNING: Unable to find an exact match for CDP version 114, so returning the closest version found: 110
]]></system-err>
  </testcase>
</testsuite>