<?xml version="1.0" encoding="UTF-8"?>
<!-- Generated by org.testng.reporters.JUnitReportReporter -->
<testsuite hostname="Manjula" failures="0" tests="1" name="com.inetbanking.testcases.TC_LoginTest_01" time="4.089" errors="0" timestamp="2023-07-15T18:08:51 IST" skipped="0">
  <testcase classname="com.inetbanking.testcases.TC_LoginTest_01" name="loginTest" time="4.089"/>
  <system-out/>
</testsuite> <!-- com.inetbanking.testcases.TC_LoginTest_01 -->
