<?xml version="1.0" encoding="UTF-8"?>
<!-- Generated by org.testng.reporters.JUnitReportReporter -->
<testsuite hostname="Manjula" failures="0" tests="1" name="com.inetbanking.testcases.TC_LoginDataDrivenTest" time="0.000" errors="0" timestamp="2023-07-08T14:35:46 IST" skipped="1">
  <testcase classname="com.inetbanking.testcases.TC_LoginDataDrivenTest" name="loginDDT" time="0.000">
    <skipped/>
  </testcase> <!-- loginDDT -->
  <system-out/>
</testsuite> <!-- com.inetbanking.testcases.TC_LoginDataDrivenTest -->
