<?xml version="1.0" encoding="UTF-8"?>
<!-- Generated by org.testng.reporters.JUnitReportReporter -->
<testsuite hostname="Manjula" failures="0" tests="1" name="com.inetbanking.testcases.TC_LoginTest_01" time="2.789" errors="0" timestamp="2023-07-21T19:08:25 IST" skipped="0">
  <testcase classname="com.inetbanking.testcases.TC_LoginTest_01" name="loginTest" time="2.789"/>
  <system-out/>
</testsuite> <!-- com.inetbanking.testcases.TC_LoginTest_01 -->
